Flow report for CPU_6801
Thu Mar 12 07:28:20 2020
Quartus Prime Version 18.1.0 Build 625 09/12/2018 SJ Standard Edition


---------------------
; Table of Contents ;
---------------------
  1. Legal Notice
  2. Flow Summary
  3. Flow Settings
  4. Flow Non-Default Global Settings
  5. Flow Elapsed Time
  6. Flow OS Summary
  7. Flow Log
  8. Flow Messages
  9. Flow Suppressed Messages



----------------
; Legal Notice ;
----------------
Copyright (C) 2018  Intel Corporation. All rights reserved.
Your use of Intel Corporation's design tools, logic functions 
and other software and tools, and its AMPP partner logic 
functions, and any output files from any of the foregoing 
(including device programming or simulation files), and any 
associated documentation or information are expressly subject 
to the terms and conditions of the Intel Program License 
Subscription Agreement, the Intel Quartus Prime License Agreement,
the Intel FPGA IP License Agreement, or other applicable license
agreement, including, without limitation, that your use is for
the sole purpose of programming logic devices manufactured by
Intel and sold by Intel or its authorized distributors.  Please
refer to the applicable agreement for further details.



+--------------------------------------------------------------------------------------+
; Flow Summary                                                                         ;
+------------------------------------+-------------------------------------------------+
; Flow Status                        ; Successful - Thu Mar 12 07:28:17 2020           ;
; Quartus Prime Version              ; 18.1.0 Build 625 09/12/2018 SJ Standard Edition ;
; Revision Name                      ; CPU_6801                                        ;
; Top-level Entity Name              ; Main                                            ;
; Family                             ; MAX 10                                          ;
; Device                             ; 10M50DAF484C7G                                  ;
; Timing Models                      ; Final                                           ;
; Total logic elements               ; 1,135 / 49,760 ( 2 % )                          ;
;     Total combinational functions  ; 1,130 / 49,760 ( 2 % )                          ;
;     Dedicated logic registers      ; 217 / 49,760 ( < 1 % )                          ;
; Total registers                    ; 217                                             ;
; Total pins                         ; 55 / 360 ( 15 % )                               ;
; Total virtual pins                 ; 0                                               ;
; Total memory bits                  ; 12,288 / 1,677,312 ( < 1 % )                    ;
; Embedded Multiplier 9-bit elements ; 0 / 288 ( 0 % )                                 ;
; Total PLLs                         ; 1 / 4 ( 25 % )                                  ;
; UFM blocks                         ; 0 / 1 ( 0 % )                                   ;
; ADC blocks                         ; 0 / 2 ( 0 % )                                   ;
+------------------------------------+-------------------------------------------------+


+-----------------------------------------+
; Flow Settings                           ;
+-------------------+---------------------+
; Option            ; Setting             ;
+-------------------+---------------------+
; Start date & time ; 03/12/2020 07:27:47 ;
; Main task         ; Compilation         ;
; Revision Name     ; CPU_6801            ;
+-------------------+---------------------+


+-------------------------------------------------------------------------------------------------------------------------+
; Flow Non-Default Global Settings                                                                                        ;
+-------------------------------------+----------------------------------------+---------------+-------------+------------+
; Assignment Name                     ; Value                                  ; Default Value ; Entity Name ; Section Id ;
+-------------------------------------+----------------------------------------+---------------+-------------+------------+
; BLOCK_DESIGN_NAMING                 ; QuartusII                              ; Auto          ; --          ; --         ;
; COMPILER_SIGNATURE_ID               ; 91754636530.158401246728788            ; --            ; --          ; --         ;
; MAX_CORE_JUNCTION_TEMP              ; 85                                     ; --            ; --          ; --         ;
; MIN_CORE_JUNCTION_TEMP              ; 0                                      ; --            ; --          ; --         ;
; MISC_FILE                           ; CPUClock.bsf                           ; --            ; --          ; --         ;
; MISC_FILE                           ; CPUClock_bb.v                          ; --            ; --          ; --         ;
; MISC_FILE                           ; CPUClock.ppf                           ; --            ; --          ; --         ;
; MISC_FILE                           ; ET3400_ROM.bsf                         ; --            ; --          ; --         ;
; MISC_FILE                           ; ET3400_ROM_bb.v                        ; --            ; --          ; --         ;
; MISC_FILE                           ; ET3400_RAM.bsf                         ; --            ; --          ; --         ;
; MISC_FILE                           ; ET3400_RAM_bb.v                        ; --            ; --          ; --         ;
; OUTPUT_IO_TIMING_FAR_END_VMEAS      ; Half Signal Swing                      ; --            ; --          ; --         ;
; OUTPUT_IO_TIMING_FAR_END_VMEAS      ; Half Signal Swing                      ; --            ; --          ; --         ;
; OUTPUT_IO_TIMING_NEAR_END_VMEAS     ; Half Vccio                             ; --            ; --          ; --         ;
; OUTPUT_IO_TIMING_NEAR_END_VMEAS     ; Half Vccio                             ; --            ; --          ; --         ;
; PARTITION_COLOR                     ; -- (Not supported for targeted family) ; --            ; Main        ; Top        ;
; PARTITION_FITTER_PRESERVATION_LEVEL ; -- (Not supported for targeted family) ; --            ; Main        ; Top        ;
; PARTITION_NETLIST_TYPE              ; -- (Not supported for targeted family) ; --            ; Main        ; Top        ;
; POWER_BOARD_THERMAL_MODEL           ; None (CONSERVATIVE)                    ; --            ; --          ; --         ;
; POWER_PRESET_COOLING_SOLUTION       ; 23 MM HEAT SINK WITH 200 LFPM AIRFLOW  ; --            ; --          ; --         ;
; TOP_LEVEL_ENTITY                    ; Main                                   ; CPU_6801      ; --          ; --         ;
+-------------------------------------+----------------------------------------+---------------+-------------+------------+


+--------------------------------------------------------------------------------------------------------------------------+
; Flow Elapsed Time                                                                                                        ;
+----------------------+--------------+-------------------------+---------------------+------------------------------------+
; Module Name          ; Elapsed Time ; Average Processors Used ; Peak Virtual Memory ; Total CPU Time (on all processors) ;
+----------------------+--------------+-------------------------+---------------------+------------------------------------+
; Analysis & Synthesis ; 00:00:15     ; 1.0                     ; 4872 MB             ; 00:00:25                           ;
; Fitter               ; 00:00:10     ; 1.5                     ; 6276 MB             ; 00:00:19                           ;
; Assembler            ; 00:00:03     ; 1.0                     ; 4691 MB             ; 00:00:03                           ;
; Timing Analyzer      ; 00:00:03     ; 2.0                     ; 4937 MB             ; 00:00:05                           ;
; Total                ; 00:00:31     ; --                      ; --                  ; 00:00:52                           ;
+----------------------+--------------+-------------------------+---------------------+------------------------------------+


+------------------------------------------------------------------------------------+
; Flow OS Summary                                                                    ;
+----------------------+------------------+------------+------------+----------------+
; Module Name          ; Machine Hostname ; OS Name    ; OS Version ; Processor type ;
+----------------------+------------------+------------+------------+----------------+
; Analysis & Synthesis ; DavidButler-PC   ; Windows 10 ; 10.0       ; x86_64         ;
; Fitter               ; DavidButler-PC   ; Windows 10 ; 10.0       ; x86_64         ;
; Assembler            ; DavidButler-PC   ; Windows 10 ; 10.0       ; x86_64         ;
; Timing Analyzer      ; DavidButler-PC   ; Windows 10 ; 10.0       ; x86_64         ;
+----------------------+------------------+------------+------------+----------------+


------------
; Flow Log ;
------------
quartus_map --read_settings_files=on --write_settings_files=off CPU_6801 -c CPU_6801
quartus_fit --read_settings_files=off --write_settings_files=off CPU_6801 -c CPU_6801
quartus_asm --read_settings_files=off --write_settings_files=off CPU_6801 -c CPU_6801
quartus_sta CPU_6801 -c CPU_6801



